[    0.000000] Linux version 4.15.0-38-generic (buildd@lcy01-amd64-023) (gcc version 7.3.0 (Ubuntu 7.3.0-16ubuntu3)) #41-Ubuntu SMP Wed Oct 10 10:59:38 UTC 2018 (Ubuntu 4.15.0-38.41-generic 4.15.18)
[    0.000000] Command line: BOOT_IMAGE=/boot/vmlinuz-4.15.0-38-generic root=LABEL=cloudimg-rootfs ro console=tty1 console=ttyS0
[    0.000000] KERNEL supported cpus:
[    0.000000]   Intel GenuineIntel
[    0.000000]   AMD AuthenticAMD
[    0.000000]   Centaur CentaurHauls
[    0.000000] x86/fpu: Supporting XSAVE feature 0x001: 'x87 floating point registers'
[    0.000000] x86/fpu: Supporting XSAVE feature 0x002: 'SSE registers'
[    0.000000] x86/fpu: Supporting XSAVE feature 0x004: 'AVX registers'
[    0.000000] x86/fpu: xstate_offset[2]:  576, xstate_sizes[2]:  256
[    0.000000] x86/fpu: Enabled xstate features 0x7, context size is 832 bytes, using 'standard' format.
[    0.000000] e820: BIOS-provided physical RAM map:
[    0.000000] BIOS-e820: [mem 0x0000000000000000-0x000000000009fbff] usable
[    0.000000] BIOS-e820: [mem 0x000000000009fc00-0x000000000009ffff] reserved
[    0.000000] BIOS-e820: [mem 0x00000000000f0000-0x00000000000fffff] reserved
[    0.000000] BIOS-e820: [mem 0x0000000000100000-0x000000007ffeffff] usable
[    0.000000] BIOS-e820: [mem 0x000000007fff0000-0x000000007fffffff] ACPI data
[    0.000000] BIOS-e820: [mem 0x00000000fec00000-0x00000000fec00fff] reserved
[    0.000000] BIOS-e820: [mem 0x00000000fee00000-0x00000000fee00fff] reserved
[    0.000000] BIOS-e820: [mem 0x00000000fffc0000-0x00000000ffffffff] reserved
[    0.000000] NX (Execute Disable) protection: active
[    0.000000] SMBIOS 2.5 present.
[    0.000000] DMI: innotek GmbH VirtualBox/VirtualBox, BIOS VirtualBox 12/01/2006
[    0.000000] Hypervisor detected: KVM
[    0.000000] e820: last_pfn = 0x7fff0 max_arch_pfn = 0x400000000
[    0.000000] MTRR: Disabled
[    0.000000] x86/PAT: MTRRs disabled, skipping PAT initialization too.
[    0.000000] CPU MTRRs all blank - virtualized system.
[    0.000000] x86/PAT: Configuration [0-7]: WB  WT  UC- UC  WB  WT  UC- UC  
[    0.000000] found SMP MP-table at [mem 0x0009fff0-0x0009ffff] mapped at [        (ptrval)]
[    0.000000] Scanning 1 areas for low memory corruption
[    0.000000] RAMDISK: [mem 0x35ae3000-0x36d68fff]
[    0.000000] ACPI: Early table checksum verification disabled
[    0.000000] ACPI: RSDP 0x00000000000E0000 000024 (v02 VBOX  )
[    0.000000] ACPI: XSDT 0x000000007FFF0030 00003C (v01 VBOX   VBOXXSDT 00000001 ASL  00000061)
[    0.000000] ACPI: FACP 0x000000007FFF00F0 0000F4 (v04 VBOX   VBOXFACP 00000001 ASL  00000061)
[    0.000000] ACPI: DSDT 0x000000007FFF0470 0021FF (v02 VBOX   VBOXBIOS 00000002 INTL 20180105)
[    0.000000] ACPI: FACS 0x000000007FFF0200 000040
[    0.000000] ACPI: FACS 0x000000007FFF0200 000040
[    0.000000] ACPI: APIC 0x000000007FFF0240 00005C (v02 VBOX   VBOXAPIC 00000001 ASL  00000061)
[    0.000000] ACPI: SSDT 0x000000007FFF02A0 0001CC (v01 VBOX   VBOXCPUT 00000002 INTL 20180105)
[    0.000000] No NUMA configuration found
[    0.000000] Faking a node at [mem 0x0000000000000000-0x000000007ffeffff]
[    0.000000] NODE_DATA(0) allocated [mem 0x7ffc5000-0x7ffeffff]
[    0.000000] kvm-clock: cpu 0, msr 0:7ff44001, primary cpu clock
[    0.000000] kvm-clock: Using msrs 4b564d01 and 4b564d00
[    0.000000] kvm-clock: using sched offset of 7780894256 cycles
[    0.000000] clocksource: kvm-clock: mask: 0xffffffffffffffff max_cycles: 0x1cd42e4dffb, max_idle_ns: 881590591483 ns
[    0.000000] Zone ranges:
[    0.000000]   DMA      [mem 0x0000000000001000-0x0000000000ffffff]
[    0.000000]   DMA32    [mem 0x0000000001000000-0x000000007ffeffff]
[    0.000000]   Normal   empty
[    0.000000]   Device   empty
[    0.000000] Movable zone start for each node
[    0.000000] Early memory node ranges
[    0.000000]   node   0: [mem 0x0000000000001000-0x000000000009efff]
[    0.000000]   node   0: [mem 0x0000000000100000-0x000000007ffeffff]
[    0.000000] Initmem setup node 0 [mem 0x0000000000001000-0x000000007ffeffff]
[    0.000000] Reserved but unavailable: 98 pages
[    0.000000] ACPI: PM-Timer IO Port: 0x4008
[    0.000000] IOAPIC[0]: apic_id 2, version 32, address 0xfec00000, GSI 0-23
[    0.000000] ACPI: INT_SRC_OVR (bus 0 bus_irq 0 global_irq 2 dfl dfl)
[    0.000000] ACPI: INT_SRC_OVR (bus 0 bus_irq 9 global_irq 9 low level)
[    0.000000] Using ACPI (MADT) for SMP configuration information
[    0.000000] smpboot: Allowing 2 CPUs, 0 hotplug CPUs
[    0.000000] PM: Registered nosave memory: [mem 0x00000000-0x00000fff]
[    0.000000] PM: Registered nosave memory: [mem 0x0009f000-0x0009ffff]
[    0.000000] PM: Registered nosave memory: [mem 0x000a0000-0x000effff]
[    0.000000] PM: Registered nosave memory: [mem 0x000f0000-0x000fffff]
[    0.000000] e820: [mem 0x80000000-0xfebfffff] available for PCI devices
[    0.000000] Booting paravirtualized kernel on KVM
[    0.000000] clocksource: refined-jiffies: mask: 0xffffffff max_cycles: 0xffffffff, max_idle_ns: 7645519600211568 ns
[    0.000000] random: get_random_bytes called from start_kernel+0x99/0x4fd with crng_init=0
[    0.000000] setup_percpu: NR_CPUS:8192 nr_cpumask_bits:2 nr_cpu_ids:2 nr_node_ids:1
[    0.000000] percpu: Embedded 46 pages/cpu @        (ptrval) s151552 r8192 d28672 u1048576
[    0.000000] PV qspinlock hash table entries: 256 (order: 0, 4096 bytes)
[    0.000000] Built 1 zonelists, mobility grouping on.  Total pages: 515961
[    0.000000] Policy zone: DMA32
[    0.000000] Kernel command line: BOOT_IMAGE=/boot/vmlinuz-4.15.0-38-generic root=LABEL=cloudimg-rootfs ro console=tty1 console=ttyS0
[    0.000000] Memory: 2015808K/2096696K available (12300K kernel code, 2472K rwdata, 4248K rodata, 2408K init, 2416K bss, 80888K reserved, 0K cma-reserved)
[    0.000000] SLUB: HWalign=64, Order=0-3, MinObjects=0, CPUs=2, Nodes=1
[    0.000000] Kernel/User page tables isolation: enabled
[    0.000000] ftrace: allocating 39175 entries in 154 pages
[    0.004000] Hierarchical RCU implementation.
[    0.004000] 	RCU restricting CPUs from NR_CPUS=8192 to nr_cpu_ids=2.
[    0.004000] 	Tasks RCU enabled.
[    0.004000] RCU: Adjusting geometry for rcu_fanout_leaf=16, nr_cpu_ids=2
[    0.004000] NR_IRQS: 524544, nr_irqs: 440, preallocated irqs: 16
[    0.004000] Console: colour VGA+ 80x25
[    0.004000] console [tty1] enabled
[    0.004000] console [ttyS0] enabled
[    0.004000] ACPI: Core revision 20170831
[    0.004000] ACPI: 2 ACPI AML tables successfully acquired and loaded
[    0.004000] APIC: Switch to symmetric I/O mode setup
[    0.009139] x2apic enabled
[    0.012022] Switched APIC routing to physical x2apic.
[    0.029743] ..TIMER: vector=0x30 apic1=0 pin1=2 apic2=-1 pin2=-1
[    0.032002] tsc: Detected 2207.998 MHz processor
[    0.036008] Calibrating delay loop (skipped) preset value.. 4415.99 BogoMIPS (lpj=8831992)
[    0.040002] pid_max: default: 32768 minimum: 301
[    0.044027] Security Framework initialized
[    0.048002] Yama: becoming mindful.
[    0.052022] AppArmor: AppArmor initialized
[    0.057310] Dentry cache hash table entries: 262144 (order: 9, 2097152 bytes)
[    0.064101] Inode-cache hash table entries: 131072 (order: 8, 1048576 bytes)
[    0.068021] Mount-cache hash table entries: 4096 (order: 3, 32768 bytes)
[    0.072014] Mountpoint-cache hash table entries: 4096 (order: 3, 32768 bytes)
[    0.080058] mce: CPU supports 0 MCE banks
[    0.084124] Last level iTLB entries: 4KB 64, 2MB 8, 4MB 8
[    0.088005] Last level dTLB entries: 4KB 64, 2MB 0, 4MB 0, 1GB 4
[    0.092005] Spectre V2 : Mitigation: Full generic retpoline
[    0.096004] Spectre V2 : Spectre v2 / SpectreRSB mitigation: Filling RSB on context switch
[    0.100002] Speculative Store Bypass: Vulnerable
[    0.104074] Freeing SMP alternatives memory: 36K
[    0.112000] smpboot: CPU0: Intel(R) Core(TM) i7-8750H CPU @ 2.20GHz (family: 0x6, model: 0x9e, stepping: 0xa)
[    0.112071] Performance Events: unsupported p6 CPU model 158 no PMU driver, software events only.
[    0.116067] Hierarchical SRCU implementation.
[    0.120472] NMI watchdog: Perf event create on CPU 0 failed with -2
[    0.124002] NMI watchdog: Perf NMI watchdog permanently disabled
[    0.128060] smp: Bringing up secondary CPUs ...
[    0.136123] x86: Booting SMP configuration:
[    0.140002] .... node  #0, CPUs:      #1
[    0.004000] kvm-clock: cpu 1, msr 0:7ff44041, secondary cpu clock
[    0.004000] mce: CPU supports 0 MCE banks
[    0.164031] smp: Brought up 1 node, 2 CPUs
[    0.168004] smpboot: Max logical packages: 1
[    0.172003] smpboot: Total of 2 processors activated (8831.99 BogoMIPS)
[    0.180208] devtmpfs: initialized
[    0.184040] x86/mm: Memory block size: 128MB
[    0.188167] evm: security.selinux
[    0.192002] evm: security.SMACK64
[    0.196002] evm: security.SMACK64EXEC
[    0.200002] evm: security.SMACK64TRANSMUTE
[    0.204002] evm: security.SMACK64MMAP
[    0.208002] evm: security.apparmor
[    0.212002] evm: security.ima
[    0.216002] evm: security.capability
[    0.224998] clocksource: jiffies: mask: 0xffffffff max_cycles: 0xffffffff, max_idle_ns: 7645041785100000 ns
[    0.244009] futex hash table entries: 512 (order: 3, 32768 bytes)
[    0.257057] pinctrl core: initialized pinctrl subsystem
[    0.268317] RTC time: 15:51:38, date: 11/14/18
[    0.276163] NET: Registered protocol family 16
[    0.280058] audit: initializing netlink subsys (disabled)
[    0.296902] audit: type=2000 audit(1542210706.885:1): state=initialized audit_enabled=0 res=1
[    0.305011] cpuidle: using governor ladder
[    0.312006] cpuidle: using governor menu
[    0.320027] ACPI: bus type PCI registered
[    0.332002] acpiphp: ACPI Hot Plug PCI Controller Driver version: 0.5
[    0.344163] PCI: Using configuration type 1 for base access
[    0.360010] HugeTLB registered 2.00 MiB page size, pre-allocated 0 pages
[    0.376105] ACPI: Added _OSI(Module Device)
[    0.380002] ACPI: Added _OSI(Processor Device)
[    0.388002] ACPI: Added _OSI(3.0 _SCP Extensions)
[    0.396002] ACPI: Added _OSI(Processor Aggregator Device)
[    0.404003] ACPI: Added _OSI(Linux-Dell-Video)
[    0.412002] ACPI: Added _OSI(Linux-Lenovo-NV-HDMI-Audio)
[    0.424299] ACPI: Executed 1 blocks of module-level executable AML code
[    0.435553] ACPI: Interpreter enabled
[    0.440011] ACPI: (supports S0 S5)
[    0.444002] ACPI: Using IOAPIC for interrupt routing
[    0.452572] PCI: Using host bridge windows from ACPI; if necessary, use "pci=nocrs" and report a bug
[    0.464832] ACPI: Enabled 2 GPEs in block 00 to 07
[    0.491403] ACPI: PCI Root Bridge [PCI0] (domain 0000 [bus 00-ff])
[    0.496006] acpi PNP0A03:00: _OSC: OS supports [ASPM ClockPM Segments MSI]
[    0.508022] acpi PNP0A03:00: _OSC: not requesting OS control; OS requires [ExtendedConfig ASPM ClockPM MSI]
[    0.520011] acpi PNP0A03:00: fail to add MMCONFIG information, can't access extended PCI configuration space under this bridge.
[    0.540692] PCI host bridge to bus 0000:00
[    0.544005] pci_bus 0000:00: root bus resource [io  0x0000-0x0cf7 window]
[    0.556008] pci_bus 0000:00: root bus resource [io  0x0d00-0xffff window]
[    0.568005] pci_bus 0000:00: root bus resource [mem 0x000a0000-0x000bffff window]
[    0.584003] pci_bus 0000:00: root bus resource [mem 0x80000000-0xfdffffff window]
[    0.592004] pci_bus 0000:00: root bus resource [bus 00-ff]
[    0.622780] pci 0000:00:01.1: legacy IDE quirk: reg 0x10: [io  0x01f0-0x01f7]
[    0.632004] pci 0000:00:01.1: legacy IDE quirk: reg 0x14: [io  0x03f6]
[    0.644004] pci 0000:00:01.1: legacy IDE quirk: reg 0x18: [io  0x0170-0x0177]
[    0.652003] pci 0000:00:01.1: legacy IDE quirk: reg 0x1c: [io  0x0376]
[    0.746817] pci 0000:00:07.0: quirk: [io  0x4000-0x403f] claimed by PIIX4 ACPI
[    0.756212] pci 0000:00:07.0: quirk: [io  0x4100-0x410f] claimed by PIIX4 SMB
[    0.830016] ACPI: PCI Interrupt Link [LNKA] (IRQs 5 9 10 *11)
[    0.840124] ACPI: PCI Interrupt Link [LNKB] (IRQs 5 9 *10 11)
[    0.848311] ACPI: PCI Interrupt Link [LNKC] (IRQs 5 *9 10 11)
[    0.856694] ACPI: PCI Interrupt Link [LNKD] (IRQs 5 9 10 *11)
[    0.871048] SCSI subsystem initialized
[    0.881993] pci 0000:00:02.0: vgaarb: setting as boot VGA device
[    0.884000] pci 0000:00:02.0: vgaarb: VGA device added: decodes=io+mem,owns=io+mem,locks=none
[    0.928011] pci 0000:00:02.0: vgaarb: bridge control possible
[    0.936002] vgaarb: loaded
[    0.948182] ACPI: bus type USB registered
[    0.952075] usbcore: registered new interface driver usbfs
[    0.964012] usbcore: registered new interface driver hub
[    0.981035] usbcore: registered new device driver usb
[    0.994191] EDAC MC: Ver: 3.0.0
[    1.008153] PCI: Using ACPI for IRQ routing
[    1.017918] NetLabel: Initializing
[    1.024003] NetLabel:  domain hash size = 128
[    1.032002] NetLabel:  protocols = UNLABELED CIPSOv4 CALIPSO
[    1.044029] NetLabel:  unlabeled traffic allowed by default
[    1.069106] clocksource: Switched to clocksource kvm-clock
[    1.092037] VFS: Disk quotas dquot_6.6.0
[    1.098179] VFS: Dquot-cache hash table entries: 512 (order 0, 4096 bytes)
[    1.108397] AppArmor: AppArmor Filesystem Enabled
[    1.115661] pnp: PnP ACPI init
[    1.124224] pnp: PnP ACPI: found 3 devices
[    1.136964] clocksource: acpi_pm: mask: 0xffffff max_cycles: 0xffffff, max_idle_ns: 2085701024 ns
[    1.149559] NET: Registered protocol family 2
[    1.157982] TCP established hash table entries: 16384 (order: 5, 131072 bytes)
[    1.168717] TCP bind hash table entries: 16384 (order: 6, 262144 bytes)
[    1.172568] TCP: Hash tables configured (established 16384 bind 16384)
[    1.172568] UDP hash table entries: 1024 (order: 3, 32768 bytes)
[    1.172568] UDP-Lite hash table entries: 1024 (order: 3, 32768 bytes)
[    1.172568] NET: Registered protocol family 1
[    1.172568] pci 0000:00:00.0: Limiting direct PCI/PCI transfers
[    1.172568] pci 0000:00:01.0: Activating ISA DMA hang workarounds
[    1.172568] pci 0000:00:02.0: Video device with shadowed ROM at [mem 0x000c0000-0x000dffff]
[    1.172568] Unpacking initramfs...
[    1.172568] Freeing initrd memory: 18968K
[    1.688723] platform rtc_cmos: registered platform RTC device (no PNP device found)
[    1.700918] Scanning for low memory corruption every 60 seconds
[    1.712047] Initialise system trusted keyrings
[    1.720911] Key type blacklist registered
[    1.729981] workingset: timestamp_bits=36 max_order=19 bucket_order=0
[    1.742333] zbud: loaded
[    1.748769] squashfs: version 4.0 (2009/01/31) Phillip Lougher
[    1.759742] fuse init (API version 7.26)
[    1.781341] Key type asymmetric registered
[    1.788005] Asymmetric key parser 'x509' registered
[    1.795928] Block layer SCSI generic (bsg) driver version 0.4 loaded (major 246)
[    1.810106] io scheduler noop registered
[    1.817857] io scheduler deadline registered
[    1.826148] io scheduler cfq registered (default)
[    1.834377] ACPI: AC Adapter [AC] (on-line)
[    1.841409] input: Power Button as /devices/LNXSYSTM:00/LNXPWRBN:00/input/input0
[    1.855570] ACPI: Power Button [PWRF]
[    1.861959] input: Sleep Button as /devices/LNXSYSTM:00/LNXSLPBN:00/input/input1
[    1.873054] ACPI: Sleep Button [SLPF]
[    1.882841] Serial: 8250/16550 driver, 32 ports, IRQ sharing enabled
[    1.935085] 00:02: ttyS0 at I/O 0x3f8 (irq = 4, base_baud = 115200) is a 16550A
[    1.947251] Linux agpgart interface v0.103
[    2.001763] loop: module loaded
[    2.022476] scsi host0: ata_piix
[    2.036309] scsi host1: ata_piix
[    2.063361] ata1: PATA max UDMA/33 cmd 0x1f0 ctl 0x3f6 bmdma 0xd000 irq 14
[    2.091567] ata2: PATA max UDMA/33 cmd 0x170 ctl 0x376 bmdma 0xd008 irq 15
[    2.105292] libphy: Fixed MDIO Bus: probed
[    2.114019] tun: Universal TUN/TAP device driver, 1.6
[    2.121946] PPP generic driver version 2.4.2
[    2.128982] ehci_hcd: USB 2.0 'Enhanced' Host Controller (EHCI) Driver
[    2.138872] ehci-pci: EHCI PCI platform driver
[    2.145853] ehci-platform: EHCI generic platform driver
[    2.153731] ohci_hcd: USB 1.1 'Open' Host Controller (OHCI) Driver
[    2.162931] ohci-pci: OHCI PCI platform driver
[    2.169803] ohci-platform: OHCI generic platform driver
[    2.177703] uhci_hcd: USB Universal Host Controller Interface driver
[    2.187178] i8042: PNP: PS/2 Controller [PNP0303:PS2K,PNP0f03:PS2M] at 0x60,0x64 irq 1,12
[    2.203128] serio: i8042 KBD port at 0x60,0x64 irq 1
[    2.211123] serio: i8042 AUX port at 0x60,0x64 irq 12
[    2.219076] mousedev: PS/2 mouse device common for all mice
[    2.229086] input: AT Translated Set 2 keyboard as /devices/platform/i8042/serio0/input/input2
[    2.245577] rtc_cmos rtc_cmos: rtc core: registered rtc_cmos as rtc0
[    2.257013] rtc_cmos rtc_cmos: alarms up to one day, 114 bytes nvram
[    2.271358] i2c /dev entries driver
[    2.274742] pcie_mp2_amd: AMD(R) PCI-E MP2 Communication Driver Version: 1.0
[    2.274742] device-mapper: uevent: version 1.0.3
[    2.309375] device-mapper: ioctl: 4.37.0-ioctl (2017-09-20) initialised: dm-devel@redhat.com
[    2.329201] ledtrig-cpu: registered to indicate activity on CPUs
[    2.347656] NET: Registered protocol family 10
[    2.377072] Segment Routing with IPv6
[    2.385927] NET: Registered protocol family 17
[    2.398968] Key type dns_resolver registered
[    2.409458] RAS: Correctable Errors collector initialized.
[    2.424752] sched_clock: Marking stable (2424634318, 0)->(3782407878, -1357773560)
[    2.454488] registered taskstats version 1
[    2.466084] Loading compiled-in X.509 certificates
[    2.482854] Loaded X.509 cert 'Build time autogenerated kernel key: f3a9ae7fdf18cf897e7c53db8499a9c1252f0be9'
[    2.509168] zswap: loaded using pool lzo/zbud
[    2.574595] Key type big_key registered
[    2.590080] Key type trusted registered
[    2.622212] Key type encrypted registered
[    2.634436] AppArmor: AppArmor sha1 policy hashing enabled
[    2.660964] ima: No TPM chip found, activating TPM-bypass! (rc=-19)
[    2.680797] ima: Allocated hash algorithm: sha1
[    2.694769] evm: HMAC attrs: 0x1
[    2.710540]   Magic number: 10:14:892
[    2.727927] rtc_cmos rtc_cmos: setting system clock to 2018-11-14 15:51:40 UTC (1542210700)
[    2.757590] BIOS EDD facility v0.16 2004-Jun-25, 0 devices found
[    2.776236] EDD information not available.
[    2.802440] Freeing unused kernel memory: 2408K
[    2.832117] Write protecting the kernel read-only data: 20480k
[    2.880422] Freeing unused kernel memory: 2008K
[    2.906294] Freeing unused kernel memory: 1896K
[    2.936418] x86/mm: Checked W+X mappings: passed, no W+X pages found.
[    2.959554] x86/mm: Checking user space page tables
[    2.973032] x86/mm: Checked W+X mappings: passed, no W+X pages found.
Loading, please wait...
starting version 237
[    3.345831] Fusion MPT base driver 3.04.20
[    3.346110] e1000: Intel(R) PRO/1000 Network Driver - version 7.3.21-k8-NAPI
[    3.346111] e1000: Copyright (c) 1999-2006 Intel Corporation.
[    3.395880] Copyright (c) 1999-2008 LSI Corporation
[    3.832454] input: ImExPS/2 Generic Explorer Mouse as /devices/platform/i8042/serio1/input/input4
[    4.221863] Fusion MPT SPI Host driver 3.04.20
[    4.349969] AVX2 version of gcm_enc/dec engaged.
[    4.367948] AES CTR mode by8 optimization enabled
[    4.937270] e1000 0000:00:03.0 eth0: (PCI:33MHz:32-bit) 02:85:b4:6d:51:fa
[    4.947521] e1000 0000:00:03.0 eth0: Intel(R) PRO/1000 Network Connection
[    4.962316] mptbase: ioc0: Initiating bringup
[    5.918084] ioc0: LSI53C1030 A0: Capabilities={Initiator}
[    9.684139] scsi host2: ioc0: LSI53C1030 A0, FwRev=00000000h, Ports=1, MaxQ=256, IRQ=20
[    9.867120] scsi 2:0:0:0: Direct-Access     VBOX     HARDDISK         1.0  PQ: 0 ANSI: 5
[    9.936480] scsi target2:0:0: Beginning Domain Validation
[    9.976328] scsi target2:0:0: Domain Validation skipping write tests
[   10.021900] scsi target2:0:0: Ending Domain Validation
[   10.052897] scsi target2:0:0: asynchronous
[   10.064381] random: fast init done
[   10.077059] scsi 2:0:1:0: Direct-Access     VBOX     HARDDISK         1.0  PQ: 0 ANSI: 5
[   10.464292] scsi target2:0:1: Beginning Domain Validation
[   10.491031] scsi target2:0:1: Domain Validation skipping write tests
[   10.511418] scsi target2:0:1: Ending Domain Validation
[   10.528817] scsi target2:0:1: asynchronous
[   10.556571] random: systemd-udevd: uninitialized urandom read (16 bytes read)
[   10.577705] sd 2:0:0:0: [sda] 20971520 512-byte logical blocks: (10.7 GB/10.0 GiB)
[   10.600166] sd 2:0:0:0: Attached scsi generic sg0 type 0
[   10.620826] sd 2:0:1:0: [sdb] 20480 512-byte logical blocks: (10.5 MB/10.0 MiB)
[   10.638103] sd 2:0:1:0: Attached scsi generic sg1 type 0
[   10.657747] sd 2:0:0:0: [sda] Write Protect is off
[   10.671717] random: systemd-udevd: uninitialized urandom read (16 bytes read)
[   10.694218] sd 2:0:1:0: [sdb] Write Protect is off
[   10.712541] sd 2:0:0:0: [sda] Incomplete mode parameter data
[   10.728820] sd 2:0:0:0: [sda] Assuming drive cache: write through
[   10.748483] sd 2:0:1:0: [sdb] Incomplete mode parameter data
[   10.760774] sd 2:0:1:0: [sdb] Assuming drive cache: write through
[   10.773392] random: systemd-udevd: uninitialized urandom read (16 bytes read)
[   10.811682]  sda: sda1
[   10.817304] sd 2:0:0:0: [sda] Attached SCSI disk
[   10.841311] sd 2:0:1:0: [sdb] Attached SCSI disk
[   11.314375] e1000 0000:00:08.0 eth1: (PCI:33MHz:32-bit) 08:00:27:48:5e:44
[   11.324969] e1000 0000:00:08.0 eth1: Intel(R) PRO/1000 Network Connection
[   11.343884] e1000 0000:00:08.0 enp0s8: renamed from eth1
[   11.383452] e1000 0000:00:03.0 enp0s3: renamed from eth0
Begin: Loading essential drivers ... [   15.456904] raid6: sse2x1   gen() 10307 MB/s
[   15.512755] raid6: sse2x1   xor()  8693 MB/s
[   15.568628] raid6: sse2x2   gen() 14074 MB/s
[   15.624487] raid6: sse2x2   xor()  6197 MB/s
[   15.704304] raid6: sse2x4   gen() 10240 MB/s
[   15.756221] raid6: sse2x4   xor() 10120 MB/s
[   15.808182] raid6: avx2x1   gen() 23554 MB/s
[   15.860872] raid6: avx2x1   xor() 16336 MB/s
[   15.916768] raid6: avx2x2   gen() 22673 MB/s
[   15.972549] raid6: avx2x2   xor() 16591 MB/s
[   16.028483] raid6: avx2x4   gen() 27254 MB/s
[   16.084296] raid6: avx2x4   xor() 13589 MB/s
[   16.092737] raid6: using algorithm avx2x4 gen() 27254 MB/s
[   16.101516] raid6: .... xor() 13589 MB/s, rmw enabled
[   16.109663] raid6: using avx2x2 recovery algorithm
[   16.127453] xor: automatically using best checksumming function   avx       
[   16.150081] async_tx: api initialized (async)
done.
Begin: Running /scripts/init-premount ... done.
Begin: Mounting root file system ... Begin: Running /scripts/local-top ... done.
Begin: Running /scripts/local-premount ... [   16.377693] Btrfs loaded, crc32c=crc32c-intel
Scanning for Btrfs filesystems
done.
Warning: fsck not present, so skipping root file system
[   16.463940] EXT4-fs (sda1): mounted filesystem with ordered data mode. Opts: (null)
done.
Begin: Running /scripts/local-bottom ... done.
Begin: Running /scripts/init-bottom ... done.
[   16.904446] ip_tables: (C) 2000-2006 Netfilter Core Team
[   16.948067] systemd[1]: systemd 237 running in system mode. (+PAM +AUDIT +SELINUX +IMA +APPARMOR +SMACK +SYSVINIT +UTMP +LIBCRYPTSETUP +GCRYPT +GNUTLS +ACL +XZ +LZ4 +SECCOMP +BLKID +ELFUTILS +KMOD -IDN2 +IDN -PCRE2 default-hierarchy=hybrid)
[   16.981483] systemd[1]: Detected virtualization oracle.
[   16.989968] systemd[1]: Detected architecture x86-64.

Welcome to [1mUbuntu 18.04.1 LTS[0m!

[   17.059322] systemd[1]: Set hostname to <ubuntu>.
[   17.084381] systemd[1]: Initializing machine ID from random generator.
[   17.094178] systemd[1]: Installed transient /etc/machine-id file.
[   17.491849] systemd[1]: Reached target User and Group Name Lookups.
[[0;32m  OK  [0m] Reached target User and Group Name Lookups.
[   17.510377] systemd[1]: Reached target Swap.
[[0;32m  OK  [0m] Reached target Swap.
[   17.524347] systemd[1]: Started Forward Password Requests to Wall Directory Watch.
[[0;32m  OK  [0m] Started Forward Password Requests to Wall Directory Watch.
[   17.545875] systemd[1]: Reached target System Time Synchronized.
[[0;32m  OK  [0m] Reached target System Time Synchronized.
[[0;32m  OK  [0m] Set up automount Arbitrary Executab…rmats File System Automount Point.
[[0;32m  OK  [0m] Created slice System Slice.
[[0;32m  OK  [0m] Listening on LVM2 metadata daemon socket.
[[0;32m  OK  [0m] Listening on Journal Socket (/dev/log).
[[0;32m  OK  [0m] Listening on Syslog Socket.
[[0;32m  OK  [0m] Listening on Journal Audit Socket.
[[0;32m  OK  [0m] Listening on LVM2 poll daemon socket.
[[0;32m  OK  [0m] Listening on Journal Socket.
         Starting Remount Root and Kernel File Systems...
         Starting Create list of required st…ce nodes for the current kernel...
         Starting Load Kernel Modules...
[   17.722860] EXT4-fs (sda1): re-mounted. Opts: (null)
         Starting Set the console keyboard layout...
[[0;32m  OK  [0m] Listening on udev Kernel Socket.
[[0;32m  OK  [0m] Created slice system-serial\x2dgetty.slice.
[   18.058358] Loading iSCSI transport class v2.0-870.
         Starting Journal Service...
[   18.113679] random: crng init done
[   18.143852] random: 7 urandom warning(s) missed due to ratelimiting
[[0;32m  OK  [0m] Listening on Network Service Netlink Socket.
         Mounting Kernel Debug File System...
[[0;32m  OK  [0m] Listening on udev Control Socket.
         Starting udev Coldplug all Devices...
         Mounting Huge Pages File System...
[[0;32m  OK  [0m] Listening on Device-mapper event daemon FIFOs.
         Starting Monitoring of LVM2 mirrors…ng dmeventd or progress polling...
[[0;32m  OK  [0m] Created slice User and Session Slice.
[[0;32m  OK  [0m] Reached target Slices.
         Starting Uncomplicated firewall...
[[0;32m  OK  [0m] Listening on /dev/initctl Compatibility Named Pipe.
         Mounting POSIX Message Queue File System...
[[0;32m  OK  [0m] Started Remount Root and Kernel File Systems.
[[0;32m  OK  [0m] Started Create list of required sta…vice n[   18.584348] iscsi: registered transport (tcp)
odes for the current kernel.
[[0;32m  OK  [0m] Started Set the console keyboard layout.
[[0;32m  OK  [0m] Mounted Kernel Debug File System.
[[0;32m  OK  [0m] Mounted Huge Pages File System.
[[0;32m  OK  [0m] Started Uncomplicated firewall.
[[0;32m  OK  [0m] Mounted POSIX Message Queue File System.
[[0;32m  OK  [0m] Started udev Coldplug all Devices.
         Starting Create Static Device Nodes in /dev...
         Starting Load/Save Random Seed...
         Starting Initial cloud-init job (pre-networking)...
[[0;32m  OK  [0m] Started LVM2 metadata daemon.
[[0;32m  OK  [0m] Started Journal Service.
         Starting Flush Journal to Persistent Storage...
[[0;32m  OK  [0m] Started Create Static Device Nodes in /dev.
         Starting udev Kernel Device Manager...
[[0;32m  OK  [0m] Started Load/Save Random Seed.
[   19.424515] systemd-journald[393]: Received request to flush runtime journal from PID 1
[[0;32m  OK  [0m] Started Flush Journal to Persistent Storage.
[[0;32m  OK  [0m] Started Monitoring of LVM2 mirrors,…sing dmeventd or progress polling.
[[0;32m  OK  [0m] Reached target Local File Systems (Pre).
[[0;32m  OK  [0m] Reached target Local File Systems.
         Starting Set console font and keymap...
         Starting AppArmor initialization...
         Starting Create Volatile Files and Directories...
         Starting ebtables ruleset management...
         Starting Commit a transient machine-id on disk...
         Starting Tell Plymouth To Write Out Runtime Data...
[[0;32m  OK  [0m] Started udev Kernel Device Manager.
[[0;32m  OK  [0m] Started Set console font and keymap.
[[0;32m  OK  [0m] Started Create Volatile Files and Directories.
         Starting Update UTMP about System Boot/Shutdown...
[[0;32m  OK  [0m] Started Dispatch Password Requests to Consol[   20.460608] iscsi: registered transport (iser)
e Directory Watch.
[[0;32m  OK  [0m] Reached target Local Encrypted Volumes.
[[0;32m  OK  [0m] Started Load Kernel Modules.
         Mounting Kernel Configuration File System...
         Starting Apply Kernel Variables...
         Mounting FUSE Control File System...
[[0;32m  OK  [0m] Mounted Kernel Configuration File System.
[[0;32m  OK  [0m] Mounted FUSE Control File System.
[[0;32m  OK  [0m] Started Tell Plymouth To Write Out Runtime Data.
[[0;32m  OK  [0m] Started Update UTMP about System Boot/Shutdown.
[[0;32m  OK  [0m] Started Commit a transient machine-id on disk.
[[0;32m  OK  [0m] Found device /dev/ttyS0.
[[0;32m  OK  [0m] Started ebtables ruleset management.
[[0;32m  OK  [0m] Listening on Load/Save RF Kill Switch Status /dev/rfkill Watch.
[[0;32m  OK  [0m] Started Apply Kernel Variables.
[[0;32m  OK  [0m] Started AppArmor initialization.
[   25.195708] cloud-init[403]: Cloud-init v. 18.4-0ubuntu1~18.04.1 running 'init-local' at Wed, 14 Nov 2018 15:52:02 +0000. Up 24.69 seconds.
[[0;32m  OK  [0m] Started Initial cloud-init job (pre-networking).
[[0;32m  OK  [0m] Reached target Network (Pre).
         Starting Network Service...
[[0;32m  OK  [0m] Started Network Service.
         Starting Wait for Network to be Configured...
         Starting Network Name Resolution...
[[0;32m  OK  [0m] Started Network Name Resolution.
[[0;32m  OK  [0m] Reached target Host and Network Name Lookups.
[[0;32m  OK  [0m] Reached target Network.
[[0;32m  OK  [0m] Started Wait for Network to be Configured.
         Starting Initial cloud-init job (metadata service crawler)...
[   28.875370] cloud-init[644]: Cloud-init v. 18.4-0ubuntu1~18.04.1 running 'init' at Wed, 14 Nov 2018 15:52:05 +0000. Up 27.42 seconds.
[   28.920782] cloud-init[644]: ci-info: ++++++++++++++++++++++++++++++++++++++Net device info+++++++++++++++++++++++++++++++++++++++
[   29.008462] cloud-init[644]: ci-info: +--------+-------+----------------------------+---------------+--------+-------------------+
[   29.080228] cloud-init[644]: ci-info: | Device |   Up  |          Address           |      Mask     | Scope  |     Hw-Address    |
[   29.122977] cloud-init[644]: ci-info: +--------+-------+----------------------------+---------------+--------+-------------------+
[   29.196400] cloud-init[644]: ci-info: | enp0s3 |  True |         10.0.2.15          | 255.255.255.0 | global | 02:85:b4:6d:51:fa |
[   29.248294] cloud-init[644]: ci-info: | enp0s3 |  True | fe80::85:b4ff:fe6d:51fa/64 |       .       |  link  | 02:85:b4:6d:51:fa |
[   29.324340] cloud-init[644]: ci-info: | enp0s8 | False |             .              |       .       |   .    | 08:00:27:48:5e:44 |
[   29.372485] cloud-init[644]: ci-info: |   lo   |  True |         127.0.0.1          |   255.0.0.0   |  host  |         .         |
[   29.495910] cloud-init[644]: ci-info: |   lo   |  True |          ::1/128           |       .       |  host  |         .         |
[[0;32m  OK  [0m] Started Initial cloud-init job (metadata service crawler).
[[0;32m  OK  [0m] Reached target System Initialization.
[   29.618772] cloud-init[644]: ci-info: +--------+-------+----------------------------+---------------+--------+-------------------+
[   29.794684] cloud-init[644]: ci-info: ++++++++++++++++++++++++++++Route IPv4 info+++++++++++++++++++++++++++++         Starting LXD - unix socket.
[[0;32m  OK  [0m] Started Message of the Day.
[[0;32m  OK  [0m] Started Discard unused blocks once a week.
[[0;32m  OK  [0m] Started Daily apt download activities.
[[0;32m  OK  [0m] Started Daily apt upgrade and clean activities.
[[0;32m  OK  [0m] Listening on ACPID Listen Socket.
         Starting Socket activation for snappy daemon.
[[0;32m  OK  [0m] Listening on D-Bus System Message Bus Socket.
[[0;32m  OK  [0m] Listening on UUID daemon activation socket.

[   30.072788] cloud-init[644]: ci-info: +-------+-------------+----------+-----------------+-----------+-------+
[   30.162477] cloud-init[644]: ci-info: | Route | Destination | Gateway  |     Genmask     | Interface | Flags |
[   30.212831] cloud-init[644]: ci-info: +-------+-------------+----------+-----------------+-----------+-------+
[   30.288274] cloud-init[644]: ci-info: |   0   |   0.0.0.0   | 10.0.2.2 |     0.0.0.0     |   enp0s3  |   UG  |
[[0;32m  OK  [0m] Started ACPI Events Check.
[[0;32m  OK  [0m] Reached target Paths.
[[0;32m  OK  [0m] Listening on Open-iSCSI iscsid Socket.
[   30.323192] cloud-init[644]: ci-info: |   1   |   10.0.2.0  | 0.0.0.0  |  255.255.255.0  |   enp0s3  |   U   |
[   30.454399] cloud-init[644]: ci-info: |   2   |   10.0.2.2  | 0.0.0.0  | 255.255.255.255 |   enp0s3  |   UH  |
[   30.454453] cloud-init[644]: ci-info: +-------+-------------+----------+-----------------+-----------+-------+
[   30.454481] cloud-init[644]: ci-info: +++++++++++++++++++Route IPv6 info+++++++++++++++++++
[   30.454509] cloud-init[644]: ci-info: +-------+-------------+---------+-----------+-------+
[   30.454535] cloud-init[644]: ci-info: | Route | Destination | Gateway | Interface | Flags |
[   30.454558] cloud-init[644]: ci-info: +-------+-------------+---------+-----------+-------+
[   30.454740] cloud-init[644]: ci-info: |   1   |  fe80::/64  |    ::   |   enp0s3  |   U   |
[   30.454773] cloud-init[644]: ci-info: |   3   |    local    |    ::   |   enp0s3  |   U   |
[   30.454799] cloud-init[644]: ci-info: |   4   |   ff00::/8  |    ::   |   enp0s3  |   U   |
[   30.454859] cloud-init[644]: ci-info: +-------+-------------+---------+-----------+-------+
[   30.454883] cloud-init[644]: Generating public/private rsa key pair.
[   30.454910] cloud-init[644]: Your identification has been saved in /etc/ssh/ssh_host_rsa_key.
[   30.454937] cloud-init[644]: Your public key has been saved in /etc/ssh/ssh_host_rsa_key.pub.
[   30.454962] cloud-init[644]: The key fingerprint is:
[   30.454994] cloud-init[644]: SHA256:wijSaphQx+II3BIobF6ItSTQKlvu/ceyT8IMZ+tl3lA root@ubuntu-bionic
[   30.455020] cloud-init[644]: The key's randomart image is:
[   30.455046] cloud-init[644]: +---[RSA 2048]----+
[   30.455073] cloud-init[644]: |B++              |
[   30.455099] cloud-init[644]: |=*++             |
[   30.455126] cloud-init[644]: |=+=.o            |
[   30.455153] cloud-init[644]: |+*oo o           |
[   30.455178] cloud-init[644]: |=++ o = S E      |
[   30.455206] cloud-init[644]: |++.. * o .       |
[   30.455231] cloud-init[644]: |+o .  =.=        |
[   30.455257] cloud-init[644]: |. . ...*oo       |
[   30.455280] cloud-init[644]: |     .+=o .      |
[   30.455334] cloud-init[644]: +----[SHA256]-----+
[   30.455363] cloud-init[644]: Generating public/private dsa key pair.
[   30.455389] cloud-init[644]: Your identification has been saved in /etc/ssh/ssh_host_dsa_key.
[   30.455412] cloud-init[644]: Your public key has been saved in /etc/ssh/ssh_host_dsa_key.pub.
[   30.455441] cloud-init[644]: The key fingerprint is:
[   30.455465] cloud-init[644]: SHA256:XGijMmBpT9u6Oali/PZaU10mae3aUliPBZ9dh82w4qE root@ubuntu-bionic
[   30.455492] cloud-init[644]: The key's randomart image is:
[   30.455515] cloud-init[644]: +---[DSA 1024]----+
[   30.455542] cloud-init[644]: |           .  .=o|
[   30.455565] cloud-init[644]: |   .     .o o +.=|
[   30.455589] cloud-init[644]: |  = .   ++.=o+.. |
[   30.455611] cloud-init[644]: | o + o +ooBo+o   |
[   30.455634] cloud-init[644]: |    = o.SoE+..   |
[   30.455665] cloud-init[644]: |     +.   +      |
[   30.455688] cloud-init[644]: |.   .+   o .     |
[   30.455711] cloud-init[644]: |.o .+o.   .      |
[   30.455733] cloud-init[644]: |..++=o           |
[   30.455756] cloud-init[644]: +----[SHA256]-----+
[   30.455782] cloud-init[644]: Generating public/private ecdsa key pair.
[   30.455841] cloud-init[644]: Your identification has been saved in /etc/ssh/ssh_host_ecdsa_key.
[   30.455872] cloud-init[644]: Your public key has been saved in /etc/ssh/ssh_host_ecdsa_key.pub.
[   30.455903] cloud-init[644]: The key fingerprint is:
[   30.455926] cloud-init[644]: SHA256:s2Uccx78Zb+ypL0nJenFeilAKeHrTxDclENY9ATPeyg root@ubuntu-bionic
[   30.455954] cloud-init[644]: The key's randomart image is:
[   30.455978] cloud-init[644]: +---[ECDSA 256]---+
[   30.456000] cloud-init[644]: |          =*o.   |
[   30.456022] cloud-init[644]: |        .oo+=    |
[   30.456044] cloud-init[644]: |        .o+.*+  o|
[   30.456066] cloud-init[644]: |         +.B ooo.|
[   30.456092] cloud-init[644]: |        S.BE.o+..|
[   30.456120] cloud-init[644]: |         *...o.+.|
[   30.933253] cloud-init[644]: |        o  .oo=..|
[   30.933304] cloud-init[644]: |         .. +=o+ |
[   30.933330] cloud-init[644]: |          .o +*  |
[   30.933356] cloud-init[644]: +----[SHA256]-----+
[   30.933380] cloud-init[644]: Generating public/private ed25519 key pair.
[   30.933409] cloud-init[644]: Your identification has been saved in /etc/ssh/ssh_host_ed25519_key.
[   30.933468] cloud-init[644]: Your public key has been saved in /etc/ssh/ssh_host_ed25519_key.pub.
[   30.933516] cloud-init[644]: The key fingerprint is:
[   30.933822] cloud-init[644]: SHA256:4hsFZCwPq9aPCkXyn2ou3y3N82EFiLxdcBLdYNhvDbk root@ubuntu-bionic
[   30.933853] cloud-init[644]: The key's randomart image is:
[   30.933878] cloud-init[644]: +--[ED25519 256]--+
[   30.933905] cloud-init[644]: |     .*=+o .     |
[   30.933929] cloud-init[644]: |   .o+o*o +      |
[   30.934036] cloud-init[644]: |. . o=o o. +     |
[   30.934071] cloud-init[644]: | +  .o.o .E .    |
[   30.934098] cloud-init[644]: |  oo. o S..      |
[   30.934122] cloud-init[644]: | .o..o o .       |
[   30.934150] cloud-init[644]: |..  o=o o        |
[   30.934176] cloud-init[644]: |...oo.=+ .       |
[   30.934205] cloud-init[644]: | ==...oo.        |
[   30.934236] cloud-init[644]: +----[SHA256]-----+
[[0;32m  OK  [0m] Started Daily Cleanup of Temporary Directories.
[[0;32m  OK  [0m] Reached target Timers.
[[0;32m  OK  [0m] Reached target Network is Online.
         Starting Availability of block devices...
[[0;32m  OK  [0m] Reached target Remote File Systems (Pre).
[[0;32m  OK  [0m] Reached target Remote File Systems.
[[0;32m  OK  [0m] Reached target Cloud-config availability.
[[0;32m  OK  [0m] Listening on LXD - unix socket.
[[0;32m  OK  [0m] Listening on Socket activation for snappy daemon.
[[0;32m  OK  [0m] Started Availability of block devices.
[[0;32m  OK  [0m] Reached target Sockets.
[[0;32m  OK  [0m] Reached target Basic System.
[[0;32m  OK  [0m] Started D-Bus System Message Bus.
[[0;32m  OK  [0m] Started Unattended Upgrades Shutdown.
[[0;32m  OK  [0m] Started FUSE filesystem for LXC.
[[0;32m  OK  [0m] Started irqbalance daemon.
         Starting Dispatcher daemon for systemd-networkd...
         Starting System Logging Service...
         Starting Accounts Service...
         Starting Pollinate to seed the pseudo random number generator...
         Starting LSB: Record successful boot for GRUB...
         Starting LSB: automatic crash report generation...
[[0;32m  OK  [0m] Started Deferred execution scheduler.
         Starting Permit User Sessions...
         Starting Virtualbox guest utils...
[[0;32m  OK  [0m] Started Regular background program processing daemon.
         Starting Snappy daemon...
         Starting Login Service...
         Starting LXD - container startup/shutdown...
[[0;32m  OK  [0m] Started System Logging Service.
[[0;32m  OK  [0m] Started Dispatcher daemon for systemd-networkd.
[[0;32m  OK  [0m] Started Permit User Sessions.
         Starting Authorization Manager...
         Starting Hold until boot process finishes up...
         Starting Terminate Plymouth Boot Screen...
[[0;32m  OK  [0m] Started Hold until boot process finishes up.
[[0;32m  OK  [0m] Started Terminate Plymouth Boot Screen.
[[0;32m  OK  [0m] Started Serial Getty on ttyS0.
         Starting Set console scheme...
[[0;32m  OK  [0m] Started Set console scheme.
[[0;32m  OK  [0m] Started LSB: automatic crash report generation.
[[0;32m  OK  [0m] Created slice system-getty.slice.
[[0;32m  OK  [0m] Started Getty on tty1.
[[0;32m  OK  [0m] Reached target Login Prompts.
[[0;32m  OK  [0m] Started Login Service.
[[0;32m  OK  [0m] Started LSB: Record successful boot for GRUB.
[[0;32m  OK  [0m] Started Authorization Manager.
[[0;32m  OK  [0m] Started Accounts Service.
[[0;32m  OK  [0m] Started Virtualbox guest utils.
[[0;32m  OK  [0m] Started Snappy daemon.
         Starting Wait until snapd is fully seeded...
[[0;32m  OK  [0m] Started LXD - container startup/shutdown.
[[0;32m  OK  [0m] Started Pollinate to seed the pseudo random number generator.
         Starting OpenBSD Secure Shell server...
[[0;32m  OK  [0m] Started OpenBSD Secure Shell server.
[[0;32m  OK  [0m] Created slice User Slice of vagrant.
         Starting User Manager for UID 1000...
[[0;32m  OK  [0m] Started Session 1 of user vagrant.
[[0;32m  OK  [0m] Started User Manager for UID 1000.

Ubuntu 18.04.1 LTS ubuntu-bionic ttyS0

ubuntu-bionic login: [   41.047641] cloud-init[1344]: Cloud-init v. 18.4-0ubuntu1~18.04.1 running 'modules:config' at Wed, 14 Nov 2018 15:52:17 +0000. Up 40.14 seconds.
ci-info: no authorized ssh keys fingerprints found for user ubuntu.
<14>Nov 14 15:52:19 ec2: 
<14>Nov 14 15:52:19 ec2: #############################################################
<14>Nov 14 15:52:19 ec2: -----BEGIN SSH HOST KEY FINGERPRINTS-----
<14>Nov 14 15:52:19 ec2: 1024 SHA256:XGijMmBpT9u6Oali/PZaU10mae3aUliPBZ9dh82w4qE root@ubuntu-bionic (DSA)
<14>Nov 14 15:52:19 ec2: 256 SHA256:s2Uccx78Zb+ypL0nJenFeilAKeHrTxDclENY9ATPeyg root@ubuntu-bionic (ECDSA)
<14>Nov 14 15:52:19 ec2: 256 SHA256:4hsFZCwPq9aPCkXyn2ou3y3N82EFiLxdcBLdYNhvDbk root@ubuntu-bionic (ED25519)
<14>Nov 14 15:52:19 ec2: 2048 SHA256:wijSaphQx+II3BIobF6ItSTQKlvu/ceyT8IMZ+tl3lA root@ubuntu-bionic (RSA)
<14>Nov 14 15:52:19 ec2: -----END SSH HOST KEY FINGERPRINTS-----
<14>Nov 14 15:52:19 ec2: #############################################################
-----BEGIN SSH HOST KEY KEYS-----
ecdsa-sha2-nistp256 AAAAE2VjZHNhLXNoYTItbmlzdHAyNTYAAAAIbmlzdHAyNTYAAABBBPKpgBfzJwtuyAp5DEZS6QigccRM5RhPfzz100hyWbfMeXXvvQ+7JQ23nfhy7zzGW5BK2MwtY1NR0IR5d0GsDBw= root@ubuntu-bionic
ssh-ed25519 AAAAC3NzaC1lZDI1NTE5AAAAIOsSjGH0fh4gnkw2S6N7vsioYde6eU7hlZOqDCnbWi66 root@ubuntu-bionic
ssh-rsa AAAAB3NzaC1yc2EAAAADAQABAAABAQDJcWy1ITqxtzWsJZmvUYpy0Qsdnxc9G35kcQWkvc1ihBVAszORXDDn1e6k0eboPSZ+9UvmMVVR0pDQga7dv6Co2e6tlAxZQJkR7SmExPzPWr1PMgp3dSUrKzNIc2LfwkGKHSTFmL6p22gH78hEDbylcNpbu6XfuPYViQFVwDLJ7FzHyBSO6NM0Q4H2TCZ5xB2C7XxYNE35s5ZccTCOZbG/zoRKqoAeyWgq2vV5GJtgvH/rq1fZ/cDRznrVyPrn8wvAhJQw4InVFQu7dHkRqn4dMnLwuR+yg2N4bKL4Wk1nqHkyYwZu4Nh6hUhGXNoUkxq18kxVVx5yWNSzIvP+4Aj3 root@ubuntu-bionic
-----END SSH HOST KEY KEYS-----
[   42.065782] cloud-init[1460]: Cloud-init v. 18.4-0ubuntu1~18.04.1 running 'modules:final' at Wed, 14 Nov 2018 15:52:19 +0000. Up 41.65 seconds.
[   42.065905] cloud-init[1460]: ci-info: no authorized ssh keys fingerprints found for user ubuntu.
[   42.065932] cloud-init[1460]: Cloud-init v. 18.4-0ubuntu1~18.04.1 finished at Wed, 14 Nov 2018 15:52:19 +0000. Datasource DataSourceNoCloud [seed=/dev/sdb][dsmode=net].  Up 41.88 seconds
